#
# There is insufficient memory for the Java Runtime Environment to continue.
# Native memory allocation (mmap) failed to map 266338304 bytes for G1 virtual space
# Possible reasons:
#   The system is out of physical RAM or swap space
#   The process is running with CompressedOops enabled, and the Java Heap may be blocking the growth of the native heap
# Possible solutions:
#   Reduce memory load on the system
#   Increase physical memory or swap space
#   Check if swap backing store is full
#   Decrease Java heap size (-Xmx/-Xms)
#   Decrease number of Java threads
#   Decrease Java thread stack sizes (-Xss)
#   Set larger code cache with -XX:ReservedCodeCacheSize=
#   JVM is running with Zero Based Compressed Oops mode in which the Java heap is
#     placed in the first 32GB address space. The Java Heap base address is the
#     maximum limit for the native heap growth. Please use -XX:HeapBaseMinAddress
#     to set the Java Heap base and to place the Java Heap above 32GB virtual address.
# This output file may be truncated or incomplete.
#
#  Out of Memory Error (os_windows.cpp:3600), pid=43864, tid=15220
#
# JRE version:  (21.0.2+13) (build )
# Java VM: Java HotSpot(TM) 64-Bit Server VM (21.0.2+13-LTS-58, mixed mode, sharing, tiered, compressed oops, compressed class ptrs, g1 gc, windows-amd64)
# No core dump will be written. Minidumps are not enabled by default on client versions of Windows
#

---------------  S U M M A R Y ------------

Command Line: -Dfile.encoding=UTF-8 --module-path=C:\Users\6487\Documents\NetBeansProjects\Calculadora__full\build\classes Calculator_full

Host: Intel(R) Core(TM) i5-6200U CPU @ 2.30GHz, 4 cores, 15G,  Windows 10 , 64 bit Build 19041 (10.0.19041.3636)
Time: Mon Feb 26 17:49:13 2024 Hora padrão de GMT elapsed time: 0.016867 seconds (0d 0h 0m 0s)

---------------  T H R E A D  ---------------

Current thread (0x000001a49ea10a00):  JavaThread "Unknown thread" [_thread_in_vm, id=15220, stack(0x000000090f500000,0x000000090f600000) (1024K)]

Stack: [0x000000090f500000,0x000000090f600000]
Native frames: (J=compiled Java code, j=interpreted, Vv=VM code, C=native code)
V  [jvm.dll+0x6cade9]
V  [jvm.dll+0x8569c1]
V  [jvm.dll+0x858d2e]
V  [jvm.dll+0x859413]
V  [jvm.dll+0x280e56]
V  [jvm.dll+0x6c74d5]
V  [jvm.dll+0x6bbeca]
V  [jvm.dll+0x355bca]
V  [jvm.dll+0x35d816]
V  [jvm.dll+0x3ae67e]
V  [jvm.dll+0x3ae928]
V  [jvm.dll+0x3295dc]
V  [jvm.dll+0x32a16b]
V  [jvm.dll+0x81efa9]
V  [jvm.dll+0x3bba01]
V  [jvm.dll+0x807928]
V  [jvm.dll+0x44f50e]
V  [jvm.dll+0x450e11]
C  [jli.dll+0x52a3]
C  [ucrtbase.dll+0x21bb2]
C  [KERNEL32.DLL+0x17344]
C  [ntdll.dll+0x526b1]


---------------  P R O C E S S  ---------------

Threads class SMR info:
_java_thread_list=0x00007ffa5721bb88, length=0, elements={
}

Java Threads: ( => current thread )
Total: 0

Other Threads:
  0x000001a49ebb05d0 WorkerThread "GC Thread#0"                     [id=61148, stack(0x000000090f600000,0x000000090f700000) (1024K)]
  0x000001a49ebc13f0 ConcurrentGCThread "G1 Main Marker"            [id=45764, stack(0x000000090f700000,0x000000090f800000) (1024K)]
  0x000001a49ebc2690 WorkerThread "G1 Conc#0"                       [id=41692, stack(0x000000090f800000,0x000000090f900000) (1024K)]

[error occurred during error reporting (printing all threads), id 0xc0000005, EXCEPTION_ACCESS_VIOLATION (0xc0000005) at pc=0x00007ffa5698c6a7]
VM state: not at safepoint (not fully initialized)

VM Mutex/Monitor currently owned by a thread:  ([mutex/lock_event])
[0x00007ffa5728ce68] Heap_lock - owner thread: 0x000001a49ea10a00

Heap address: 0x0000000703600000, size: 4042 MB, Compressed Oops mode: Zero based, Oop shift amount: 3

CDS archive(s) mapped at: [0x0000000000000000-0x0000000000000000-0x0000000000000000), size 0, SharedBaseAddress: 0x0000000800000000, ArchiveRelocationMode: 1.
Narrow klass base: 0x0000000000000000, Narrow klass shift: 0, Narrow klass range: 0x0

GC Precious Log:
 CardTable entry size: 512
 Card Set container configuration: InlinePtr #cards 4 size 8 Array Of Cards #cards 16 size 48 Howl #buckets 8 coarsen threshold 3686 Howl Bitmap #cards 512 size 80 coarsen threshold 460 Card regions per heap region 1 cards per card region 4096

Heap:
 garbage-first heap   total 0K, used 0K [0x0000000703600000, 0x0000000800000000)
  region size 2048K, 0 young (0K), 0 survivors (0K)

[error occurred during error reporting (printing heap information), id 0xc0000005, EXCEPTION_ACCESS_VIOLATION (0xc0000005) at pc=0x00007ffa56d739f9]
GC Heap History (0 events):
No events

Dll operation events (1 events):
Event: 0.011 Loaded shared library C:\Program Files\Java\jdk-21\bin\java.dll

Deoptimization events (0 events):
No events

Classes loaded (0 events):
No events

Classes unloaded (0 events):
No events

Classes redefined (0 events):
No events

Internal exceptions (0 events):
No events

ZGC Phase Switch (0 events):
No events

VM Operations (0 events):
No events

Events (0 events):
No events


Dynamic libraries:
0x00007ff68f770000 - 0x00007ff68f780000 	C:\Program Files\Java\jdk-21\bin\java.exe
0x00007ffb3bbf0000 - 0x00007ffb3bde8000 	C:\Windows\SYSTEM32\ntdll.dll
0x00007ffb3b9d0000 - 0x00007ffb3ba8d000 	C:\Windows\System32\KERNEL32.DLL
0x00007ffb39530000 - 0x00007ffb39826000 	C:\Windows\System32\KERNELBASE.dll
0x00007ffb39b30000 - 0x00007ffb39c30000 	C:\Windows\System32\ucrtbase.dll
0x00007ffb115a0000 - 0x00007ffb115bb000 	C:\Program Files\Java\jdk-21\bin\VCRUNTIME140.dll
0x00007ffb26670000 - 0x00007ffb26689000 	C:\Program Files\Java\jdk-21\bin\jli.dll
0x00007ffb3a0f0000 - 0x00007ffb3a1a3000 	C:\Windows\System32\ADVAPI32.dll
0x00007ffb3b930000 - 0x00007ffb3b9ce000 	C:\Windows\System32\msvcrt.dll
0x00007ffb3b370000 - 0x00007ffb3b40f000 	C:\Windows\System32\sechost.dll
0x00007ffb3b1e0000 - 0x00007ffb3b306000 	C:\Windows\System32\RPCRT4.dll
0x00007ffb39a70000 - 0x00007ffb39a97000 	C:\Windows\System32\bcrypt.dll
0x00007ffb3b4e0000 - 0x00007ffb3b67e000 	C:\Windows\System32\USER32.dll
0x00007ffb392b0000 - 0x00007ffb392d2000 	C:\Windows\System32\win32u.dll
0x00007ffb1f240000 - 0x00007ffb1f4da000 	C:\Windows\WinSxS\amd64_microsoft.windows.common-controls_6595b64144ccf1df_6.0.19041.3636_none_60b6a03d71f818d5\COMCTL32.dll
0x00007ffb39d60000 - 0x00007ffb39d8b000 	C:\Windows\System32\GDI32.dll
0x00007ffb39950000 - 0x00007ffb39a67000 	C:\Windows\System32\gdi32full.dll
0x00007ffb39490000 - 0x00007ffb3952d000 	C:\Windows\System32\msvcp_win.dll
0x00007ffb2d0e0000 - 0x00007ffb2d0ea000 	C:\Windows\SYSTEM32\VERSION.dll
0x00007ffb3b090000 - 0x00007ffb3b0c2000 	C:\Windows\System32\IMM32.DLL
0x00007ffb1da30000 - 0x00007ffb1da3c000 	C:\Program Files\Java\jdk-21\bin\vcruntime140_1.dll
0x00007ffaee480000 - 0x00007ffaee50e000 	C:\Program Files\Java\jdk-21\bin\msvcp140.dll
0x00007ffa56650000 - 0x00007ffa57367000 	C:\Program Files\Java\jdk-21\bin\server\jvm.dll
0x00007ffb3b0f0000 - 0x00007ffb3b15b000 	C:\Windows\System32\WS2_32.dll
0x00007ffb38850000 - 0x00007ffb3889b000 	C:\Windows\SYSTEM32\POWRPROF.dll
0x00007ffb21cd0000 - 0x00007ffb21cf7000 	C:\Windows\SYSTEM32\WINMM.dll
0x00007ffb386c0000 - 0x00007ffb386d2000 	C:\Windows\SYSTEM32\UMPDC.dll
0x00007ffb37a10000 - 0x00007ffb37a22000 	C:\Windows\SYSTEM32\kernel.appcore.dll
0x00007ffb1d960000 - 0x00007ffb1d96a000 	C:\Program Files\Java\jdk-21\bin\jimage.dll
0x00007ffb2dea0000 - 0x00007ffb2e084000 	C:\Windows\SYSTEM32\DBGHELP.DLL
0x00007ffb2de40000 - 0x00007ffb2de74000 	C:\Windows\SYSTEM32\dbgcore.DLL
0x00007ffb39aa0000 - 0x00007ffb39b22000 	C:\Windows\System32\bcryptPrimitives.dll
0x00007ffb11140000 - 0x00007ffb1115f000 	C:\Program Files\Java\jdk-21\bin\java.dll

dbghelp: loaded successfully - version: 4.0.5 - missing functions: none
symbol engine: initialized successfully - sym options: 0x614 - pdb path: .;C:\Program Files\Java\jdk-21\bin;C:\Windows\SYSTEM32;C:\Windows\WinSxS\amd64_microsoft.windows.common-controls_6595b64144ccf1df_6.0.19041.3636_none_60b6a03d71f818d5;C:\Program Files\Java\jdk-21\bin\server

VM Arguments:
jvm_args: -Dfile.encoding=UTF-8 --module-path=C:\Users\6487\Documents\NetBeansProjects\Calculadora__full\build\classes 
java_command: Calculator_full
java_class_path (initial): C:\Program Files (x86)\NetBeans-21\netbeans\java\modules\ext\AbsoluteLayout.jar;C:\Users\6487\Documents\NetBeansProjects\Calculadora__full\build\classes
Launcher Type: SUN_STANDARD

[Global flags]
     intx CICompilerCount                          = 3                                         {product} {ergonomic}
     uint ConcGCThreads                            = 1                                         {product} {ergonomic}
     uint G1ConcRefinementThreads                  = 4                                         {product} {ergonomic}
   size_t G1HeapRegionSize                         = 2097152                                   {product} {ergonomic}
    uintx GCDrainStackTargetSize                   = 64                                        {product} {ergonomic}
   size_t InitialHeapSize                          = 266338304                                 {product} {ergonomic}
   size_t MarkStackSize                            = 4194304                                   {product} {ergonomic}
   size_t MaxHeapSize                              = 4238344192                                {product} {ergonomic}
   size_t MinHeapDeltaBytes                        = 2097152                                   {product} {ergonomic}
   size_t MinHeapSize                              = 8388608                                   {product} {ergonomic}
    uintx NonNMethodCodeHeapSize                   = 5832780                                {pd product} {ergonomic}
    uintx NonProfiledCodeHeapSize                  = 122912730                              {pd product} {ergonomic}
    uintx ProfiledCodeHeapSize                     = 122912730                              {pd product} {ergonomic}
    uintx ReservedCodeCacheSize                    = 251658240                              {pd product} {ergonomic}
     bool SegmentedCodeCache                       = true                                      {product} {ergonomic}
   size_t SoftMaxHeapSize                          = 4238344192                             {manageable} {ergonomic}
     bool UseCompressedOops                        = true                           {product lp64_product} {ergonomic}
     bool UseG1GC                                  = true                                      {product} {ergonomic}
     bool UseLargePagesIndividualAllocation        = false                                  {pd product} {ergonomic}

Logging:
Log output configuration:
 #0: stdout all=warning uptime,level,tags foldmultilines=false
 #1: stderr all=off uptime,level,tags foldmultilines=false

Environment Variables:
JAVA_HOME=C:\Program Files (x86)\AdoptOpenJDK\jre-8.0.282.8-hotspot\
PATH=C:\Program Files\ImageMagick-7.1.1-Q16-HDRI;C:\Program Files\Oracle Client for Microsoft Tools\;C:\Program Files\Common Files\Oracle\Java\javapath;C:\Program Files (x86)\Razer\ChromaBroadcast\bin;C:\Program Files\Razer\ChromaBroadcast\bin;C:\Program Files (x86)\AdoptOpenJDK\jre-8.0.282.8-hotspot\bin;C:\Windows\system32;C:\Windows;C:\Windows\System32\Wbem;C:\Windows\System32\WindowsPowerShell\v1.0\;C:\Windows\System32\OpenSSH\;C:\Program Files\Microsoft VS Code\bin;C:\Program Files\Microsoft SQL Server\130\Tools\Binn\;C:\Program Files\Microsoft SQL Server\Client SDK\ODBC\170\Tools\Binn\;C:\Program Files\dotnet\;C:\Users\6487\AppData\Local\Microsoft\WindowsApps;C:\Users\6487\.dotnet\tools;C:\adb;C:\Program Files (x86)\dotnet\;C:\Program Files\PuTTY\;C:\Program Files (x86)\Windows Kits\10\Windows Performance Toolkit\;C:\Program Files\nodejs\;C:\Windows\system32\config\systemprofile\AppData\Local\Microsoft\WindowsApps;C:\Program Files\WinRAR;C:\Program Files\7-Zip;C:\Program Files\CMake\bin;C:\ProgramData\chocolatey\bin;C:\Program Files\gs\gs10.01.2\bin;C:\Program Files\Tesseract-OCR;C:\Program Files\Portugal Identity Card\;C:\Users\6487\AppData\Local\Programs\Python\Python311\Scripts\;C:\Users\6487\AppData\Local\Programs\Python\Python311\;C:\Users\6487\AppData\Local\Programs\Python\Python310\Scripts\;C:\Users\6487\AppData\Local\Programs\Python\Python310\;C:\Program Files\JetBrains\PyCharm Community Edition 2022.2.3\bin;C:\Users\6487\AppData\Roaming\npm;C:\Users\6487\AppData\Local\Programs\Microsoft VS Code\bin
USERNAME=6487
OS=Windows_NT
PROCESSOR_IDENTIFIER=Intel64 Family 6 Model 78 Stepping 3, GenuineIntel
TMP=C:\Users\6487\AppData\Local\Temp
TEMP=C:\Users\6487\AppData\Local\Temp




Periodic native trim disabled

---------------  S Y S T E M  ---------------

OS:
 Windows 10 , 64 bit Build 19041 (10.0.19041.3636)
OS uptime: 7 days 7:44 hours

CPU: total 4 (initial active 4) (2 cores per cpu, 2 threads per core) family 6 model 78 stepping 3 microcode 0xcc, cx8, cmov, fxsr, ht, mmx, 3dnowpref, sse, sse2, sse3, ssse3, sse4.1, sse4.2, popcnt, lzcnt, tsc, tscinvbit, avx, avx2, aes, erms, clmul, bmi1, bmi2, adx, fma, vzeroupper, clflush, clflushopt, rdtscp, f16c
Processor Information for all 4 processors :
  Max Mhz: 2401, Current Mhz: 2401, Mhz Limit: 2401

Memory: 4k page, system-wide physical 16162M (1512M free)
TotalPageFile size 29982M (AvailPageFile size 228M)
current process WorkingSet (physical memory assigned to process): 10M, peak: 10M
current process commit charge ("private bytes"): 52M, peak: 305M

vm_info: Java HotSpot(TM) 64-Bit Server VM (21.0.2+13-LTS-58) for windows-amd64 JRE (21.0.2+13-LTS-58), built on 2024-01-05T18:32:24Z by "mach5one" with MS VC++ 17.1 (VS2022)

END.
