#
# There is insufficient memory for the Java Runtime Environment to continue.
# Native memory allocation (malloc) failed to allocate 32744 bytes for Chunk::new
# Possible reasons:
#   The system is out of physical RAM or swap space
#   The process is running with CompressedOops enabled, and the Java Heap may be blocking the growth of the native heap
# Possible solutions:
#   Reduce memory load on the system
#   Increase physical memory or swap space
#   Check if swap backing store is full
#   Decrease Java heap size (-Xmx/-Xms)
#   Decrease number of Java threads
#   Decrease Java thread stack sizes (-Xss)
#   Set larger code cache with -XX:ReservedCodeCacheSize=
#   JVM is running with Zero Based Compressed Oops mode in which the Java heap is
#     placed in the first 32GB address space. The Java Heap base address is the
#     maximum limit for the native heap growth. Please use -XX:HeapBaseMinAddress
#     to set the Java Heap base and to place the Java Heap above 32GB virtual address.
# This output file may be truncated or incomplete.
#
#  Out of Memory Error (arena.cpp:168), pid=63064, tid=18844
#
# JRE version: Java(TM) SE Runtime Environment (21.0.2+13) (build 21.0.2+13-LTS-58)
# Java VM: Java HotSpot(TM) 64-Bit Server VM (21.0.2+13-LTS-58, mixed mode, tiered, compressed oops, compressed class ptrs, g1 gc, windows-amd64)
# No core dump will be written. Minidumps are not enabled by default on client versions of Windows
#

---------------  S U M M A R Y ------------

Command Line: -Dfile.encoding=UTF-8 --module-path=C:\Users\6487\Documents\NetBeansProjects\Calculadora__full\build\classes Calculator_full

Host: Intel(R) Core(TM) i5-6200U CPU @ 2.30GHz, 4 cores, 15G,  Windows 10 , 64 bit Build 19041 (10.0.19041.3636)
Time: Mon Feb 26 17:49:56 2024 Hora padrão de GMT elapsed time: 0.440540 seconds (0d 0h 0m 0s)

---------------  T H R E A D  ---------------

Current thread (0x0000027d55094d80):  JavaThread "C2 CompilerThread0" daemon [_thread_in_native, id=18844, stack(0x000000cb4d600000,0x000000cb4d700000) (1024K)]


Current CompileTask:
C2:    440  187       4       java.util.HashMap::putVal (300 bytes)

Stack: [0x000000cb4d600000,0x000000cb4d700000]
Native frames: (J=compiled Java code, j=interpreted, Vv=VM code, C=native code)
V  [jvm.dll+0x6cade9]
V  [jvm.dll+0x8569c1]
V  [jvm.dll+0x858d2e]
V  [jvm.dll+0x859413]
V  [jvm.dll+0x280e56]
V  [jvm.dll+0xc3f3d]
V  [jvm.dll+0xc4473]
V  [jvm.dll+0x6f6a6e]
V  [jvm.dll+0x1e22d6]
V  [jvm.dll+0x249d22]
V  [jvm.dll+0x2491b1]
V  [jvm.dll+0x1c9634]
V  [jvm.dll+0x258859]
V  [jvm.dll+0x256e3a]
V  [jvm.dll+0x3ef6c6]
V  [jvm.dll+0x7ff568]
V  [jvm.dll+0x6c953d]
C  [ucrtbase.dll+0x21bb2]
C  [KERNEL32.DLL+0x17344]
C  [ntdll.dll+0x526b1]


---------------  P R O C E S S  ---------------

Threads class SMR info:
_java_thread_list=0x0000027d552aea20, length=11, elements={
0x0000027d302bb620, 0x0000027d5508ba50, 0x0000027d5508e010, 0x0000027d5507bc30,
0x0000027d5507c690, 0x0000027d5507dbf0, 0x0000027d5508ed20, 0x0000027d55094d80,
0x0000027d55095fc0, 0x0000027d551d3710, 0x0000027d55366830
}

Java Threads: ( => current thread )
  0x0000027d302bb620 JavaThread "main"                              [_thread_in_vm, id=10816, stack(0x000000cb4c800000,0x000000cb4c900000) (1024K)]
  0x0000027d5508ba50 JavaThread "Reference Handler"          daemon [_thread_blocked, id=60812, stack(0x000000cb4d000000,0x000000cb4d100000) (1024K)]
  0x0000027d5508e010 JavaThread "Finalizer"                  daemon [_thread_blocked, id=38936, stack(0x000000cb4d100000,0x000000cb4d200000) (1024K)]
  0x0000027d5507bc30 JavaThread "Signal Dispatcher"          daemon [_thread_blocked, id=17584, stack(0x000000cb4d200000,0x000000cb4d300000) (1024K)]
  0x0000027d5507c690 JavaThread "Attach Listener"            daemon [_thread_blocked, id=2416, stack(0x000000cb4d300000,0x000000cb4d400000) (1024K)]
  0x0000027d5507dbf0 JavaThread "Service Thread"             daemon [_thread_blocked, id=17920, stack(0x000000cb4d400000,0x000000cb4d500000) (1024K)]
  0x0000027d5508ed20 JavaThread "Monitor Deflation Thread"   daemon [_thread_blocked, id=61208, stack(0x000000cb4d500000,0x000000cb4d600000) (1024K)]
=>0x0000027d55094d80 JavaThread "C2 CompilerThread0"         daemon [_thread_in_native, id=18844, stack(0x000000cb4d600000,0x000000cb4d700000) (1024K)]
  0x0000027d55095fc0 JavaThread "C1 CompilerThread0"         daemon [_thread_blocked, id=15992, stack(0x000000cb4d700000,0x000000cb4d800000) (1024K)]
  0x0000027d551d3710 JavaThread "Common-Cleaner"             daemon [_thread_blocked, id=62280, stack(0x000000cb4d800000,0x000000cb4d900000) (1024K)]
  0x0000027d55366830 JavaThread "Notification Thread"        daemon [_thread_blocked, id=19052, stack(0x000000cb4d900000,0x000000cb4da00000) (1024K)]
Total: 11

Other Threads:
  0x0000027d50cfe8b0 VMThread "VM Thread"                           [id=16152, stack(0x000000cb4cf00000,0x000000cb4d000000) (1024K)]
  0x0000027d50c81090 WatcherThread "VM Periodic Task Thread"        [id=58912, stack(0x000000cb4ce00000,0x000000cb4cf00000) (1024K)]
  0x0000027d3038dff0 WorkerThread "GC Thread#0"                     [id=61916, stack(0x000000cb4c900000,0x000000cb4ca00000) (1024K)]
  0x0000027d30590230 ConcurrentGCThread "G1 Main Marker"            [id=16820, stack(0x000000cb4ca00000,0x000000cb4cb00000) (1024K)]
  0x0000027d305916f0 WorkerThread "G1 Conc#0"                       [id=15472, stack(0x000000cb4cb00000,0x000000cb4cc00000) (1024K)]
  0x0000027d50b56d80 ConcurrentGCThread "G1 Refine#0"               [id=56748, stack(0x000000cb4cc00000,0x000000cb4cd00000) (1024K)]
  0x0000027d50b578f0 ConcurrentGCThread "G1 Service"                [id=54588, stack(0x000000cb4cd00000,0x000000cb4ce00000) (1024K)]
Total: 7

Threads with active compile tasks:
C2 CompilerThread0      487  187       4       java.util.HashMap::putVal (300 bytes)
Total: 1

VM state: not at safepoint (normal execution)

VM Mutex/Monitor currently owned by a thread:  ([mutex/lock_event])
[0x00007ffa5728ace8] Metaspace_lock - owner thread: 0x0000027d302bb620

Heap address: 0x0000000703600000, size: 4042 MB, Compressed Oops mode: Zero based, Oop shift amount: 3

CDS archive(s) not mapped
Compressed class space mapped at: 0x0000000800000000-0x0000000840000000, reserved size: 1073741824
Narrow klass base: 0x0000000800000000, Narrow klass shift: 0, Narrow klass range: 0x40000000

GC Precious Log:
 CardTable entry size: 512
 Card Set container configuration: InlinePtr #cards 4 size 8 Array Of Cards #cards 16 size 48 Howl #buckets 8 coarsen threshold 3686 Howl Bitmap #cards 512 size 80 coarsen threshold 460 Card regions per heap region 1 cards per card region 4096
 CPUs: 4 total, 4 available
 Memory: 16162M
 Large Page Support: Disabled
 NUMA Support: Disabled
 Compressed Oops: Enabled (Zero based)
 Heap Region Size: 2M
 Heap Min Capacity: 8M
 Heap Initial Capacity: 254M
 Heap Max Capacity: 4042M
 Pre-touch: Disabled
 Parallel Workers: 4
 Concurrent Workers: 1
 Concurrent Refinement Workers: 4
 Periodic GC: Disabled

Heap:
 garbage-first heap   total 260096K, used 2048K [0x0000000703600000, 0x0000000800000000)
  region size 2048K, 2 young (4096K), 0 survivors (0K)
 Metaspace       used 6685K, committed 6720K, reserved 1114112K
  class space    used 548K, committed 576K, reserved 1048576K

Heap Regions: E=young(eden), S=young(survivor), O=old, HS=humongous(starts), HC=humongous(continues), CS=collection set, F=free, TAMS=top-at-mark-start, PB=parsable bottom
|   0|0x0000000703600000, 0x0000000703600000, 0x0000000703800000|  0%| F|  |TAMS 0x0000000703600000| PB 0x0000000703600000| Untracked 
|   1|0x0000000703800000, 0x0000000703800000, 0x0000000703a00000|  0%| F|  |TAMS 0x0000000703800000| PB 0x0000000703800000| Untracked 
|   2|0x0000000703a00000, 0x0000000703a00000, 0x0000000703c00000|  0%| F|  |TAMS 0x0000000703a00000| PB 0x0000000703a00000| Untracked 
|   3|0x0000000703c00000, 0x0000000703c00000, 0x0000000703e00000|  0%| F|  |TAMS 0x0000000703c00000| PB 0x0000000703c00000| Untracked 
|   4|0x0000000703e00000, 0x0000000703e00000, 0x0000000704000000|  0%| F|  |TAMS 0x0000000703e00000| PB 0x0000000703e00000| Untracked 
|   5|0x0000000704000000, 0x0000000704000000, 0x0000000704200000|  0%| F|  |TAMS 0x0000000704000000| PB 0x0000000704000000| Untracked 
|   6|0x0000000704200000, 0x0000000704200000, 0x0000000704400000|  0%| F|  |TAMS 0x0000000704200000| PB 0x0000000704200000| Untracked 
|   7|0x0000000704400000, 0x0000000704400000, 0x0000000704600000|  0%| F|  |TAMS 0x0000000704400000| PB 0x0000000704400000| Untracked 
|   8|0x0000000704600000, 0x0000000704600000, 0x0000000704800000|  0%| F|  |TAMS 0x0000000704600000| PB 0x0000000704600000| Untracked 
|   9|0x0000000704800000, 0x0000000704800000, 0x0000000704a00000|  0%| F|  |TAMS 0x0000000704800000| PB 0x0000000704800000| Untracked 
|  10|0x0000000704a00000, 0x0000000704a00000, 0x0000000704c00000|  0%| F|  |TAMS 0x0000000704a00000| PB 0x0000000704a00000| Untracked 
|  11|0x0000000704c00000, 0x0000000704c00000, 0x0000000704e00000|  0%| F|  |TAMS 0x0000000704c00000| PB 0x0000000704c00000| Untracked 
|  12|0x0000000704e00000, 0x0000000704e00000, 0x0000000705000000|  0%| F|  |TAMS 0x0000000704e00000| PB 0x0000000704e00000| Untracked 
|  13|0x0000000705000000, 0x0000000705000000, 0x0000000705200000|  0%| F|  |TAMS 0x0000000705000000| PB 0x0000000705000000| Untracked 
|  14|0x0000000705200000, 0x0000000705200000, 0x0000000705400000|  0%| F|  |TAMS 0x0000000705200000| PB 0x0000000705200000| Untracked 
|  15|0x0000000705400000, 0x0000000705400000, 0x0000000705600000|  0%| F|  |TAMS 0x0000000705400000| PB 0x0000000705400000| Untracked 
|  16|0x0000000705600000, 0x0000000705600000, 0x0000000705800000|  0%| F|  |TAMS 0x0000000705600000| PB 0x0000000705600000| Untracked 
|  17|0x0000000705800000, 0x0000000705800000, 0x0000000705a00000|  0%| F|  |TAMS 0x0000000705800000| PB 0x0000000705800000| Untracked 
|  18|0x0000000705a00000, 0x0000000705a00000, 0x0000000705c00000|  0%| F|  |TAMS 0x0000000705a00000| PB 0x0000000705a00000| Untracked 
|  19|0x0000000705c00000, 0x0000000705c00000, 0x0000000705e00000|  0%| F|  |TAMS 0x0000000705c00000| PB 0x0000000705c00000| Untracked 
|  20|0x0000000705e00000, 0x0000000705e00000, 0x0000000706000000|  0%| F|  |TAMS 0x0000000705e00000| PB 0x0000000705e00000| Untracked 
|  21|0x0000000706000000, 0x0000000706000000, 0x0000000706200000|  0%| F|  |TAMS 0x0000000706000000| PB 0x0000000706000000| Untracked 
|  22|0x0000000706200000, 0x0000000706200000, 0x0000000706400000|  0%| F|  |TAMS 0x0000000706200000| PB 0x0000000706200000| Untracked 
|  23|0x0000000706400000, 0x0000000706400000, 0x0000000706600000|  0%| F|  |TAMS 0x0000000706400000| PB 0x0000000706400000| Untracked 
|  24|0x0000000706600000, 0x0000000706600000, 0x0000000706800000|  0%| F|  |TAMS 0x0000000706600000| PB 0x0000000706600000| Untracked 
|  25|0x0000000706800000, 0x0000000706800000, 0x0000000706a00000|  0%| F|  |TAMS 0x0000000706800000| PB 0x0000000706800000| Untracked 
|  26|0x0000000706a00000, 0x0000000706a00000, 0x0000000706c00000|  0%| F|  |TAMS 0x0000000706a00000| PB 0x0000000706a00000| Untracked 
|  27|0x0000000706c00000, 0x0000000706c00000, 0x0000000706e00000|  0%| F|  |TAMS 0x0000000706c00000| PB 0x0000000706c00000| Untracked 
|  28|0x0000000706e00000, 0x0000000706e00000, 0x0000000707000000|  0%| F|  |TAMS 0x0000000706e00000| PB 0x0000000706e00000| Untracked 
|  29|0x0000000707000000, 0x0000000707000000, 0x0000000707200000|  0%| F|  |TAMS 0x0000000707000000| PB 0x0000000707000000| Untracked 
|  30|0x0000000707200000, 0x0000000707200000, 0x0000000707400000|  0%| F|  |TAMS 0x0000000707200000| PB 0x0000000707200000| Untracked 
|  31|0x0000000707400000, 0x0000000707400000, 0x0000000707600000|  0%| F|  |TAMS 0x0000000707400000| PB 0x0000000707400000| Untracked 
|  32|0x0000000707600000, 0x0000000707600000, 0x0000000707800000|  0%| F|  |TAMS 0x0000000707600000| PB 0x0000000707600000| Untracked 
|  33|0x0000000707800000, 0x0000000707800000, 0x0000000707a00000|  0%| F|  |TAMS 0x0000000707800000| PB 0x0000000707800000| Untracked 
|  34|0x0000000707a00000, 0x0000000707a00000, 0x0000000707c00000|  0%| F|  |TAMS 0x0000000707a00000| PB 0x0000000707a00000| Untracked 
|  35|0x0000000707c00000, 0x0000000707c00000, 0x0000000707e00000|  0%| F|  |TAMS 0x0000000707c00000| PB 0x0000000707c00000| Untracked 
|  36|0x0000000707e00000, 0x0000000707e00000, 0x0000000708000000|  0%| F|  |TAMS 0x0000000707e00000| PB 0x0000000707e00000| Untracked 
|  37|0x0000000708000000, 0x0000000708000000, 0x0000000708200000|  0%| F|  |TAMS 0x0000000708000000| PB 0x0000000708000000| Untracked 
|  38|0x0000000708200000, 0x0000000708200000, 0x0000000708400000|  0%| F|  |TAMS 0x0000000708200000| PB 0x0000000708200000| Untracked 
|  39|0x0000000708400000, 0x0000000708400000, 0x0000000708600000|  0%| F|  |TAMS 0x0000000708400000| PB 0x0000000708400000| Untracked 
|  40|0x0000000708600000, 0x0000000708600000, 0x0000000708800000|  0%| F|  |TAMS 0x0000000708600000| PB 0x0000000708600000| Untracked 
|  41|0x0000000708800000, 0x0000000708800000, 0x0000000708a00000|  0%| F|  |TAMS 0x0000000708800000| PB 0x0000000708800000| Untracked 
|  42|0x0000000708a00000, 0x0000000708a00000, 0x0000000708c00000|  0%| F|  |TAMS 0x0000000708a00000| PB 0x0000000708a00000| Untracked 
|  43|0x0000000708c00000, 0x0000000708c00000, 0x0000000708e00000|  0%| F|  |TAMS 0x0000000708c00000| PB 0x0000000708c00000| Untracked 
|  44|0x0000000708e00000, 0x0000000708e00000, 0x0000000709000000|  0%| F|  |TAMS 0x0000000708e00000| PB 0x0000000708e00000| Untracked 
|  45|0x0000000709000000, 0x0000000709000000, 0x0000000709200000|  0%| F|  |TAMS 0x0000000709000000| PB 0x0000000709000000| Untracked 
|  46|0x0000000709200000, 0x0000000709200000, 0x0000000709400000|  0%| F|  |TAMS 0x0000000709200000| PB 0x0000000709200000| Untracked 
|  47|0x0000000709400000, 0x0000000709400000, 0x0000000709600000|  0%| F|  |TAMS 0x0000000709400000| PB 0x0000000709400000| Untracked 
|  48|0x0000000709600000, 0x0000000709600000, 0x0000000709800000|  0%| F|  |TAMS 0x0000000709600000| PB 0x0000000709600000| Untracked 
|  49|0x0000000709800000, 0x0000000709800000, 0x0000000709a00000|  0%| F|  |TAMS 0x0000000709800000| PB 0x0000000709800000| Untracked 
|  50|0x0000000709a00000, 0x0000000709a00000, 0x0000000709c00000|  0%| F|  |TAMS 0x0000000709a00000| PB 0x0000000709a00000| Untracked 
|  51|0x0000000709c00000, 0x0000000709c00000, 0x0000000709e00000|  0%| F|  |TAMS 0x0000000709c00000| PB 0x0000000709c00000| Untracked 
|  52|0x0000000709e00000, 0x0000000709e00000, 0x000000070a000000|  0%| F|  |TAMS 0x0000000709e00000| PB 0x0000000709e00000| Untracked 
|  53|0x000000070a000000, 0x000000070a000000, 0x000000070a200000|  0%| F|  |TAMS 0x000000070a000000| PB 0x000000070a000000| Untracked 
|  54|0x000000070a200000, 0x000000070a200000, 0x000000070a400000|  0%| F|  |TAMS 0x000000070a200000| PB 0x000000070a200000| Untracked 
|  55|0x000000070a400000, 0x000000070a400000, 0x000000070a600000|  0%| F|  |TAMS 0x000000070a400000| PB 0x000000070a400000| Untracked 
|  56|0x000000070a600000, 0x000000070a600000, 0x000000070a800000|  0%| F|  |TAMS 0x000000070a600000| PB 0x000000070a600000| Untracked 
|  57|0x000000070a800000, 0x000000070a800000, 0x000000070aa00000|  0%| F|  |TAMS 0x000000070a800000| PB 0x000000070a800000| Untracked 
|  58|0x000000070aa00000, 0x000000070aa00000, 0x000000070ac00000|  0%| F|  |TAMS 0x000000070aa00000| PB 0x000000070aa00000| Untracked 
|  59|0x000000070ac00000, 0x000000070ac00000, 0x000000070ae00000|  0%| F|  |TAMS 0x000000070ac00000| PB 0x000000070ac00000| Untracked 
|  60|0x000000070ae00000, 0x000000070ae00000, 0x000000070b000000|  0%| F|  |TAMS 0x000000070ae00000| PB 0x000000070ae00000| Untracked 
|  61|0x000000070b000000, 0x000000070b000000, 0x000000070b200000|  0%| F|  |TAMS 0x000000070b000000| PB 0x000000070b000000| Untracked 
|  62|0x000000070b200000, 0x000000070b200000, 0x000000070b400000|  0%| F|  |TAMS 0x000000070b200000| PB 0x000000070b200000| Untracked 
|  63|0x000000070b400000, 0x000000070b400000, 0x000000070b600000|  0%| F|  |TAMS 0x000000070b400000| PB 0x000000070b400000| Untracked 
|  64|0x000000070b600000, 0x000000070b600000, 0x000000070b800000|  0%| F|  |TAMS 0x000000070b600000| PB 0x000000070b600000| Untracked 
|  65|0x000000070b800000, 0x000000070b800000, 0x000000070ba00000|  0%| F|  |TAMS 0x000000070b800000| PB 0x000000070b800000| Untracked 
|  66|0x000000070ba00000, 0x000000070ba00000, 0x000000070bc00000|  0%| F|  |TAMS 0x000000070ba00000| PB 0x000000070ba00000| Untracked 
|  67|0x000000070bc00000, 0x000000070bc00000, 0x000000070be00000|  0%| F|  |TAMS 0x000000070bc00000| PB 0x000000070bc00000| Untracked 
|  68|0x000000070be00000, 0x000000070be00000, 0x000000070c000000|  0%| F|  |TAMS 0x000000070be00000| PB 0x000000070be00000| Untracked 
|  69|0x000000070c000000, 0x000000070c000000, 0x000000070c200000|  0%| F|  |TAMS 0x000000070c000000| PB 0x000000070c000000| Untracked 
|  70|0x000000070c200000, 0x000000070c200000, 0x000000070c400000|  0%| F|  |TAMS 0x000000070c200000| PB 0x000000070c200000| Untracked 
|  71|0x000000070c400000, 0x000000070c400000, 0x000000070c600000|  0%| F|  |TAMS 0x000000070c400000| PB 0x000000070c400000| Untracked 
|  72|0x000000070c600000, 0x000000070c600000, 0x000000070c800000|  0%| F|  |TAMS 0x000000070c600000| PB 0x000000070c600000| Untracked 
|  73|0x000000070c800000, 0x000000070c800000, 0x000000070ca00000|  0%| F|  |TAMS 0x000000070c800000| PB 0x000000070c800000| Untracked 
|  74|0x000000070ca00000, 0x000000070ca00000, 0x000000070cc00000|  0%| F|  |TAMS 0x000000070ca00000| PB 0x000000070ca00000| Untracked 
|  75|0x000000070cc00000, 0x000000070cc00000, 0x000000070ce00000|  0%| F|  |TAMS 0x000000070cc00000| PB 0x000000070cc00000| Untracked 
|  76|0x000000070ce00000, 0x000000070ce00000, 0x000000070d000000|  0%| F|  |TAMS 0x000000070ce00000| PB 0x000000070ce00000| Untracked 
|  77|0x000000070d000000, 0x000000070d000000, 0x000000070d200000|  0%| F|  |TAMS 0x000000070d000000| PB 0x000000070d000000| Untracked 
|  78|0x000000070d200000, 0x000000070d200000, 0x000000070d400000|  0%| F|  |TAMS 0x000000070d200000| PB 0x000000070d200000| Untracked 
|  79|0x000000070d400000, 0x000000070d400000, 0x000000070d600000|  0%| F|  |TAMS 0x000000070d400000| PB 0x000000070d400000| Untracked 
|  80|0x000000070d600000, 0x000000070d600000, 0x000000070d800000|  0%| F|  |TAMS 0x000000070d600000| PB 0x000000070d600000| Untracked 
|  81|0x000000070d800000, 0x000000070d800000, 0x000000070da00000|  0%| F|  |TAMS 0x000000070d800000| PB 0x000000070d800000| Untracked 
|  82|0x000000070da00000, 0x000000070da00000, 0x000000070dc00000|  0%| F|  |TAMS 0x000000070da00000| PB 0x000000070da00000| Untracked 
|  83|0x000000070dc00000, 0x000000070dc00000, 0x000000070de00000|  0%| F|  |TAMS 0x000000070dc00000| PB 0x000000070dc00000| Untracked 
|  84|0x000000070de00000, 0x000000070de00000, 0x000000070e000000|  0%| F|  |TAMS 0x000000070de00000| PB 0x000000070de00000| Untracked 
|  85|0x000000070e000000, 0x000000070e000000, 0x000000070e200000|  0%| F|  |TAMS 0x000000070e000000| PB 0x000000070e000000| Untracked 
|  86|0x000000070e200000, 0x000000070e200000, 0x000000070e400000|  0%| F|  |TAMS 0x000000070e200000| PB 0x000000070e200000| Untracked 
|  87|0x000000070e400000, 0x000000070e400000, 0x000000070e600000|  0%| F|  |TAMS 0x000000070e400000| PB 0x000000070e400000| Untracked 
|  88|0x000000070e600000, 0x000000070e600000, 0x000000070e800000|  0%| F|  |TAMS 0x000000070e600000| PB 0x000000070e600000| Untracked 
|  89|0x000000070e800000, 0x000000070e800000, 0x000000070ea00000|  0%| F|  |TAMS 0x000000070e800000| PB 0x000000070e800000| Untracked 
|  90|0x000000070ea00000, 0x000000070ea00000, 0x000000070ec00000|  0%| F|  |TAMS 0x000000070ea00000| PB 0x000000070ea00000| Untracked 
|  91|0x000000070ec00000, 0x000000070ec00000, 0x000000070ee00000|  0%| F|  |TAMS 0x000000070ec00000| PB 0x000000070ec00000| Untracked 
|  92|0x000000070ee00000, 0x000000070ee00000, 0x000000070f000000|  0%| F|  |TAMS 0x000000070ee00000| PB 0x000000070ee00000| Untracked 
|  93|0x000000070f000000, 0x000000070f000000, 0x000000070f200000|  0%| F|  |TAMS 0x000000070f000000| PB 0x000000070f000000| Untracked 
|  94|0x000000070f200000, 0x000000070f200000, 0x000000070f400000|  0%| F|  |TAMS 0x000000070f200000| PB 0x000000070f200000| Untracked 
|  95|0x000000070f400000, 0x000000070f400000, 0x000000070f600000|  0%| F|  |TAMS 0x000000070f400000| PB 0x000000070f400000| Untracked 
|  96|0x000000070f600000, 0x000000070f600000, 0x000000070f800000|  0%| F|  |TAMS 0x000000070f600000| PB 0x000000070f600000| Untracked 
|  97|0x000000070f800000, 0x000000070f800000, 0x000000070fa00000|  0%| F|  |TAMS 0x000000070f800000| PB 0x000000070f800000| Untracked 
|  98|0x000000070fa00000, 0x000000070fa00000, 0x000000070fc00000|  0%| F|  |TAMS 0x000000070fa00000| PB 0x000000070fa00000| Untracked 
|  99|0x000000070fc00000, 0x000000070fc00000, 0x000000070fe00000|  0%| F|  |TAMS 0x000000070fc00000| PB 0x000000070fc00000| Untracked 
| 100|0x000000070fe00000, 0x000000070fe00000, 0x0000000710000000|  0%| F|  |TAMS 0x000000070fe00000| PB 0x000000070fe00000| Untracked 
| 101|0x0000000710000000, 0x0000000710000000, 0x0000000710200000|  0%| F|  |TAMS 0x0000000710000000| PB 0x0000000710000000| Untracked 
| 102|0x0000000710200000, 0x0000000710200000, 0x0000000710400000|  0%| F|  |TAMS 0x0000000710200000| PB 0x0000000710200000| Untracked 
| 103|0x0000000710400000, 0x0000000710400000, 0x0000000710600000|  0%| F|  |TAMS 0x0000000710400000| PB 0x0000000710400000| Untracked 
| 104|0x0000000710600000, 0x0000000710600000, 0x0000000710800000|  0%| F|  |TAMS 0x0000000710600000| PB 0x0000000710600000| Untracked 
| 105|0x0000000710800000, 0x0000000710800000, 0x0000000710a00000|  0%| F|  |TAMS 0x0000000710800000| PB 0x0000000710800000| Untracked 
| 106|0x0000000710a00000, 0x0000000710a00000, 0x0000000710c00000|  0%| F|  |TAMS 0x0000000710a00000| PB 0x0000000710a00000| Untracked 
| 107|0x0000000710c00000, 0x0000000710c00000, 0x0000000710e00000|  0%| F|  |TAMS 0x0000000710c00000| PB 0x0000000710c00000| Untracked 
| 108|0x0000000710e00000, 0x0000000710e00000, 0x0000000711000000|  0%| F|  |TAMS 0x0000000710e00000| PB 0x0000000710e00000| Untracked 
| 109|0x0000000711000000, 0x0000000711000000, 0x0000000711200000|  0%| F|  |TAMS 0x0000000711000000| PB 0x0000000711000000| Untracked 
| 110|0x0000000711200000, 0x0000000711200000, 0x0000000711400000|  0%| F|  |TAMS 0x0000000711200000| PB 0x0000000711200000| Untracked 
| 111|0x0000000711400000, 0x0000000711400000, 0x0000000711600000|  0%| F|  |TAMS 0x0000000711400000| PB 0x0000000711400000| Untracked 
| 112|0x0000000711600000, 0x0000000711600000, 0x0000000711800000|  0%| F|  |TAMS 0x0000000711600000| PB 0x0000000711600000| Untracked 
| 113|0x0000000711800000, 0x0000000711800000, 0x0000000711a00000|  0%| F|  |TAMS 0x0000000711800000| PB 0x0000000711800000| Untracked 
| 114|0x0000000711a00000, 0x0000000711a00000, 0x0000000711c00000|  0%| F|  |TAMS 0x0000000711a00000| PB 0x0000000711a00000| Untracked 
| 115|0x0000000711c00000, 0x0000000711c00000, 0x0000000711e00000|  0%| F|  |TAMS 0x0000000711c00000| PB 0x0000000711c00000| Untracked 
| 116|0x0000000711e00000, 0x0000000711e00000, 0x0000000712000000|  0%| F|  |TAMS 0x0000000711e00000| PB 0x0000000711e00000| Untracked 
| 117|0x0000000712000000, 0x0000000712000000, 0x0000000712200000|  0%| F|  |TAMS 0x0000000712000000| PB 0x0000000712000000| Untracked 
| 118|0x0000000712200000, 0x0000000712200000, 0x0000000712400000|  0%| F|  |TAMS 0x0000000712200000| PB 0x0000000712200000| Untracked 
| 119|0x0000000712400000, 0x0000000712400000, 0x0000000712600000|  0%| F|  |TAMS 0x0000000712400000| PB 0x0000000712400000| Untracked 
| 120|0x0000000712600000, 0x0000000712600000, 0x0000000712800000|  0%| F|  |TAMS 0x0000000712600000| PB 0x0000000712600000| Untracked 
| 121|0x0000000712800000, 0x0000000712800000, 0x0000000712a00000|  0%| F|  |TAMS 0x0000000712800000| PB 0x0000000712800000| Untracked 
| 122|0x0000000712a00000, 0x0000000712a00000, 0x0000000712c00000|  0%| F|  |TAMS 0x0000000712a00000| PB 0x0000000712a00000| Untracked 
| 123|0x0000000712c00000, 0x0000000712c00000, 0x0000000712e00000|  0%| F|  |TAMS 0x0000000712c00000| PB 0x0000000712c00000| Untracked 
| 124|0x0000000712e00000, 0x0000000712e00000, 0x0000000713000000|  0%| F|  |TAMS 0x0000000712e00000| PB 0x0000000712e00000| Untracked 
| 125|0x0000000713000000, 0x000000071307b740, 0x0000000713200000| 24%| E|  |TAMS 0x0000000713000000| PB 0x0000000713000000| Complete 
| 126|0x0000000713200000, 0x0000000713400000, 0x0000000713400000|100%| E|CS|TAMS 0x0000000713200000| PB 0x0000000713200000| Complete 

Card table byte_map: [0x0000027d49f40000,0x0000027d4a730000] _byte_map_base: 0x0000027d46725000

Marking Bits: (CMBitMap*) 0x0000027d3038e6f0
 Bits: [0x0000027d4a730000, 0x0000027d4e658000)

Polling page: 0x0000027d305b0000

Metaspace:

Usage:
  Non-class:      5.99 MB used.
      Class:    548.19 KB used.
       Both:      6.53 MB used.

Virtual space:
  Non-class space:       64.00 MB reserved,       6.00 MB (  9%) committed,  1 nodes.
      Class space:        1.00 GB reserved,     576.00 KB ( <1%) committed,  1 nodes.
             Both:        1.06 GB reserved,       6.56 MB ( <1%) committed. 

Chunk freelists:
   Non-Class:  9.00 MB
       Class:  15.25 MB
        Both:  24.25 MB

MaxMetaspaceSize: unlimited
CompressedClassSpaceSize: 1.00 GB
Initial GC threshold: 21.00 MB
Current GC threshold: 21.00 MB
CDS: off
 - commit_granule_bytes: 65536.
 - commit_granule_words: 8192.
 - virtual_space_node_default_size: 8388608.
 - enlarge_chunks_in_place: 1.
 - use_allocation_guard: 0.


Internal statistics:

num_allocs_failed_limit: 0.
num_arena_births: 6.
num_arena_deaths: 0.
num_vsnodes_births: 2.
num_vsnodes_deaths: 0.
num_space_committed: 105.
num_space_uncommitted: 0.
num_chunks_returned_to_freelist: 0.
num_chunks_taken_from_freelist: 23.
num_chunk_merges: 0.
num_chunk_splits: 8.
num_chunks_enlarged: 2.
num_inconsistent_stats: 0.

CodeHeap 'non-profiled nmethods': size=120000Kb used=62Kb max_used=62Kb free=119937Kb
 bounds [0x0000027d41c00000, 0x0000027d41e70000, 0x0000027d49130000]
CodeHeap 'profiled nmethods': size=120000Kb used=221Kb max_used=221Kb free=119778Kb
 bounds [0x0000027d3a130000, 0x0000027d3a3a0000, 0x0000027d41660000]
CodeHeap 'non-nmethods': size=5760Kb used=1263Kb max_used=1270Kb free=4496Kb
 bounds [0x0000027d41660000, 0x0000027d418d0000, 0x0000027d41c00000]
 total_blobs=586 nmethods=202 adapters=289
 compilation: enabled
              stopped_count=0, restarted_count=0
 full_count=0

Compilation events (20 events):
Event: 0.415 Thread 0x0000027d55094d80 nmethod 182 0x0000027d41c0e790 code [0x0000027d41c0e920, 0x0000027d41c0eb10]
Event: 0.415 Thread 0x0000027d55094d80  187       4       java.util.HashMap::putVal (300 bytes)
Event: 0.419 Thread 0x0000027d55095fc0  196       3       java.util.ImmutableCollections$Set12::iterator (9 bytes)
Event: 0.419 Thread 0x0000027d55095fc0 nmethod 196 0x0000027d3a165690 code [0x0000027d3a165840, 0x0000027d3a165b30]
Event: 0.419 Thread 0x0000027d55095fc0  197       3       java.util.ImmutableCollections$Set12$1::<init> (32 bytes)
Event: 0.419 Thread 0x0000027d55095fc0 nmethod 197 0x0000027d3a165c10 code [0x0000027d3a165dc0, 0x0000027d3a166000]
Event: 0.420 Thread 0x0000027d55095fc0  198       1       java.lang.module.ModuleDescriptor::isOpen (5 bytes)
Event: 0.420 Thread 0x0000027d55095fc0 nmethod 198 0x0000027d41c0f090 code [0x0000027d41c0f220, 0x0000027d41c0f2f0]
Event: 0.420 Thread 0x0000027d55095fc0  200       3       java.util.HashMap::isEmpty (13 bytes)
Event: 0.421 Thread 0x0000027d55095fc0 nmethod 200 0x0000027d3a166110 code [0x0000027d3a1662a0, 0x0000027d3a166408]
Event: 0.421 Thread 0x0000027d55095fc0  201       1       java.lang.module.ResolvedModule::configuration (5 bytes)
Event: 0.421 Thread 0x0000027d55095fc0 nmethod 201 0x0000027d41c0f390 code [0x0000027d41c0f520, 0x0000027d41c0f5f0]
Event: 0.421 Thread 0x0000027d55095fc0  202       1       java.util.HashMap::size (5 bytes)
Event: 0.421 Thread 0x0000027d55095fc0 nmethod 202 0x0000027d41c0f690 code [0x0000027d41c0f820, 0x0000027d41c0f8e8]
Event: 0.424 Thread 0x0000027d55095fc0  203       3       java.lang.StringBuilder::append (8 bytes)
Event: 0.424 Thread 0x0000027d55095fc0 nmethod 203 0x0000027d3a166490 code [0x0000027d3a166640, 0x0000027d3a166790]
Event: 0.424 Thread 0x0000027d55095fc0  204       3       java.lang.AbstractStringBuilder::append (45 bytes)
Event: 0.425 Thread 0x0000027d55095fc0 nmethod 204 0x0000027d3a166810 code [0x0000027d3a166a20, 0x0000027d3a166f60]
Event: 0.437 Thread 0x0000027d55095fc0  206       3       sun.nio.fs.WindowsPathParser::isSlash (18 bytes)
Event: 0.437 Thread 0x0000027d55095fc0 nmethod 206 0x0000027d3a167190 code [0x0000027d3a167320, 0x0000027d3a167498]

GC Heap History (0 events):
No events

Dll operation events (4 events):
Event: 0.026 Loaded shared library C:\Program Files\Java\jdk-21\bin\java.dll
Event: 0.213 Loaded shared library C:\Program Files\Java\jdk-21\bin\jsvml.dll
Event: 0.386 Loaded shared library C:\Program Files\Java\jdk-21\bin\net.dll
Event: 0.389 Loaded shared library C:\Program Files\Java\jdk-21\bin\nio.dll

Deoptimization events (0 events):
No events

Classes loaded (20 events):
Event: 0.431 Loading class java/nio/HeapCharBuffer
Event: 0.432 Loading class java/nio/HeapCharBuffer done
Event: 0.433 Loading class sun/nio/cs/UTF_8$Decoder
Event: 0.433 Loading class sun/nio/cs/UTF_8$Decoder done
Event: 0.433 Loading class java/nio/charset/CoderResult
Event: 0.434 Loading class java/nio/charset/CoderResult done
Event: 0.435 Loading class java/util/zip/ZipFile$CleanableResource
Event: 0.435 Loading class java/util/zip/ZipFile$CleanableResource done
Event: 0.435 Loading class java/util/zip/ZipCoder
Event: 0.435 Loading class java/util/zip/ZipCoder done
Event: 0.436 Loading class java/util/zip/ZipCoder$UTF8ZipCoder
Event: 0.436 Loading class java/util/zip/ZipCoder$UTF8ZipCoder done
Event: 0.436 Loading class java/util/zip/ZipFile$Source
Event: 0.436 Loading class java/util/zip/ZipFile$Source done
Event: 0.436 Loading class java/util/zip/ZipFile$Source$Key
Event: 0.436 Loading class java/util/zip/ZipFile$Source$Key done
Event: 0.437 Loading class java/io/RandomAccessFile
Event: 0.438 Loading class java/io/DataOutput
Event: 0.438 Loading class java/io/DataOutput done
Event: 0.438 Loading class java/io/DataInput

Classes unloaded (0 events):
No events

Classes redefined (0 events):
No events

Internal exceptions (1 events):
Event: 0.391 Thread 0x0000027d302bb620 Exception <a 'sun/nio/fs/WindowsException'{0x00000007133c3370}> (0x00000007133c3370) 
thrown [s\open\src\hotspot\share\prims\jni.cpp, line 520]

ZGC Phase Switch (0 events):
No events

VM Operations (2 events):
Event: 0.398 Executing VM operation: HandshakeAllThreads (Deoptimize)
Event: 0.398 Executing VM operation: HandshakeAllThreads (Deoptimize) done

Events (11 events):
Event: 0.044 Thread 0x0000027d302bb620 Thread added: 0x0000027d302bb620
Event: 0.208 Thread 0x0000027d5508ba50 Thread added: 0x0000027d5508ba50
Event: 0.208 Thread 0x0000027d5508e010 Thread added: 0x0000027d5508e010
Event: 0.210 Thread 0x0000027d5507bc30 Thread added: 0x0000027d5507bc30
Event: 0.210 Thread 0x0000027d5507c690 Thread added: 0x0000027d5507c690
Event: 0.210 Thread 0x0000027d5507dbf0 Thread added: 0x0000027d5507dbf0
Event: 0.210 Thread 0x0000027d5508ed20 Thread added: 0x0000027d5508ed20
Event: 0.210 Thread 0x0000027d55094d80 Thread added: 0x0000027d55094d80
Event: 0.211 Thread 0x0000027d55095fc0 Thread added: 0x0000027d55095fc0
Event: 0.344 Thread 0x0000027d551d3710 Thread added: 0x0000027d551d3710
Event: 0.424 Thread 0x0000027d55366830 Thread added: 0x0000027d55366830


Dynamic libraries:
0x00007ff68f770000 - 0x00007ff68f780000 	C:\Program Files\Java\jdk-21\bin\java.exe
0x00007ffb3bbf0000 - 0x00007ffb3bde8000 	C:\Windows\SYSTEM32\ntdll.dll
0x00007ffb3b9d0000 - 0x00007ffb3ba8d000 	C:\Windows\System32\KERNEL32.DLL
0x00007ffb39530000 - 0x00007ffb39826000 	C:\Windows\System32\KERNELBASE.dll
0x00007ffb39b30000 - 0x00007ffb39c30000 	C:\Windows\System32\ucrtbase.dll
0x00007ffb115a0000 - 0x00007ffb115bb000 	C:\Program Files\Java\jdk-21\bin\VCRUNTIME140.dll
0x00007ffb26670000 - 0x00007ffb26689000 	C:\Program Files\Java\jdk-21\bin\jli.dll
0x00007ffb3a0f0000 - 0x00007ffb3a1a3000 	C:\Windows\System32\ADVAPI32.dll
0x00007ffb3b930000 - 0x00007ffb3b9ce000 	C:\Windows\System32\msvcrt.dll
0x00007ffb3b370000 - 0x00007ffb3b40f000 	C:\Windows\System32\sechost.dll
0x00007ffb3b1e0000 - 0x00007ffb3b306000 	C:\Windows\System32\RPCRT4.dll
0x00007ffb39a70000 - 0x00007ffb39a97000 	C:\Windows\System32\bcrypt.dll
0x00007ffb3b4e0000 - 0x00007ffb3b67e000 	C:\Windows\System32\USER32.dll
0x00007ffb392b0000 - 0x00007ffb392d2000 	C:\Windows\System32\win32u.dll
0x00007ffb39d60000 - 0x00007ffb39d8b000 	C:\Windows\System32\GDI32.dll
0x00007ffb1f240000 - 0x00007ffb1f4da000 	C:\Windows\WinSxS\amd64_microsoft.windows.common-controls_6595b64144ccf1df_6.0.19041.3636_none_60b6a03d71f818d5\COMCTL32.dll
0x00007ffb39950000 - 0x00007ffb39a67000 	C:\Windows\System32\gdi32full.dll
0x00007ffb39490000 - 0x00007ffb3952d000 	C:\Windows\System32\msvcp_win.dll
0x00007ffb2d0e0000 - 0x00007ffb2d0ea000 	C:\Windows\SYSTEM32\VERSION.dll
0x00007ffb3b090000 - 0x00007ffb3b0c2000 	C:\Windows\System32\IMM32.DLL
0x00007ffb1da30000 - 0x00007ffb1da3c000 	C:\Program Files\Java\jdk-21\bin\vcruntime140_1.dll
0x00007ffaee480000 - 0x00007ffaee50e000 	C:\Program Files\Java\jdk-21\bin\msvcp140.dll
0x00007ffa56650000 - 0x00007ffa57367000 	C:\Program Files\Java\jdk-21\bin\server\jvm.dll
0x00007ffb3b0f0000 - 0x00007ffb3b15b000 	C:\Windows\System32\WS2_32.dll
0x00007ffb38850000 - 0x00007ffb3889b000 	C:\Windows\SYSTEM32\POWRPROF.dll
0x00007ffb21cd0000 - 0x00007ffb21cf7000 	C:\Windows\SYSTEM32\WINMM.dll
0x00007ffb386c0000 - 0x00007ffb386d2000 	C:\Windows\SYSTEM32\UMPDC.dll
0x00007ffb37a10000 - 0x00007ffb37a22000 	C:\Windows\SYSTEM32\kernel.appcore.dll
0x00007ffb1d960000 - 0x00007ffb1d96a000 	C:\Program Files\Java\jdk-21\bin\jimage.dll
0x00007ffb2dea0000 - 0x00007ffb2e084000 	C:\Windows\SYSTEM32\DBGHELP.DLL
0x00007ffb2de40000 - 0x00007ffb2de74000 	C:\Windows\SYSTEM32\dbgcore.DLL
0x00007ffb39aa0000 - 0x00007ffb39b22000 	C:\Windows\System32\bcryptPrimitives.dll
0x00007ffb11140000 - 0x00007ffb1115f000 	C:\Program Files\Java\jdk-21\bin\java.dll
0x00007ffb3a360000 - 0x00007ffb3aaa5000 	C:\Windows\System32\SHELL32.dll
0x00007ffb37160000 - 0x00007ffb378fc000 	C:\Windows\SYSTEM32\windows.storage.dll
0x00007ffb39d90000 - 0x00007ffb3a0e4000 	C:\Windows\System32\combase.dll
0x00007ffb38ce0000 - 0x00007ffb38d0e000 	C:\Windows\SYSTEM32\Wldp.dll
0x00007ffb3b410000 - 0x00007ffb3b4dd000 	C:\Windows\System32\OLEAUT32.dll
0x00007ffb3aab0000 - 0x00007ffb3ab5d000 	C:\Windows\System32\SHCORE.dll
0x00007ffb3b310000 - 0x00007ffb3b365000 	C:\Windows\System32\shlwapi.dll
0x00007ffb391e0000 - 0x00007ffb39205000 	C:\Windows\SYSTEM32\profapi.dll
0x00007ffab1f50000 - 0x00007ffab2027000 	C:\Program Files\Java\jdk-21\bin\jsvml.dll
0x00007ffb1cbe0000 - 0x00007ffb1cbf0000 	C:\Program Files\Java\jdk-21\bin\net.dll
0x00007ffb2efa0000 - 0x00007ffb2f0aa000 	C:\Windows\SYSTEM32\WINHTTP.dll
0x00007ffb38a40000 - 0x00007ffb38aaa000 	C:\Windows\system32\mswsock.dll
0x00007ffb09050000 - 0x00007ffb09066000 	C:\Program Files\Java\jdk-21\bin\nio.dll

dbghelp: loaded successfully - version: 4.0.5 - missing functions: none
symbol engine: initialized successfully - sym options: 0x614 - pdb path: .;C:\Program Files\Java\jdk-21\bin;C:\Windows\SYSTEM32;C:\Windows\WinSxS\amd64_microsoft.windows.common-controls_6595b64144ccf1df_6.0.19041.3636_none_60b6a03d71f818d5;C:\Program Files\Java\jdk-21\bin\server

VM Arguments:
jvm_args: -Dfile.encoding=UTF-8 --module-path=C:\Users\6487\Documents\NetBeansProjects\Calculadora__full\build\classes 
java_command: Calculator_full
java_class_path (initial): C:\Program Files (x86)\NetBeans-21\netbeans\java\modules\ext\AbsoluteLayout.jar;C:\Users\6487\Documents\NetBeansProjects\Calculadora__full\build\classes
Launcher Type: SUN_STANDARD

[Global flags]
     intx CICompilerCount                          = 3                                         {product} {ergonomic}
     uint ConcGCThreads                            = 1                                         {product} {ergonomic}
     uint G1ConcRefinementThreads                  = 4                                         {product} {ergonomic}
   size_t G1HeapRegionSize                         = 2097152                                   {product} {ergonomic}
    uintx GCDrainStackTargetSize                   = 64                                        {product} {ergonomic}
   size_t InitialHeapSize                          = 266338304                                 {product} {ergonomic}
   size_t MarkStackSize                            = 4194304                                   {product} {ergonomic}
   size_t MaxHeapSize                              = 4238344192                                {product} {ergonomic}
   size_t MaxNewSize                               = 2541748224                                {product} {ergonomic}
   size_t MinHeapDeltaBytes                        = 2097152                                   {product} {ergonomic}
   size_t MinHeapSize                              = 8388608                                   {product} {ergonomic}
    uintx NonNMethodCodeHeapSize                   = 5832780                                {pd product} {ergonomic}
    uintx NonProfiledCodeHeapSize                  = 122912730                              {pd product} {ergonomic}
    uintx ProfiledCodeHeapSize                     = 122912730                              {pd product} {ergonomic}
    uintx ReservedCodeCacheSize                    = 251658240                              {pd product} {ergonomic}
     bool SegmentedCodeCache                       = true                                      {product} {ergonomic}
   size_t SoftMaxHeapSize                          = 4238344192                             {manageable} {ergonomic}
     bool UseCompressedOops                        = true                           {product lp64_product} {ergonomic}
     bool UseG1GC                                  = true                                      {product} {ergonomic}
     bool UseLargePagesIndividualAllocation        = false                                  {pd product} {ergonomic}

Logging:
Log output configuration:
 #0: stdout all=warning uptime,level,tags foldmultilines=false
 #1: stderr all=off uptime,level,tags foldmultilines=false

Environment Variables:
JAVA_HOME=C:\Program Files (x86)\AdoptOpenJDK\jre-8.0.282.8-hotspot\
PATH=C:\Program Files\ImageMagick-7.1.1-Q16-HDRI;C:\Program Files\Oracle Client for Microsoft Tools\;C:\Program Files\Common Files\Oracle\Java\javapath;C:\Program Files (x86)\Razer\ChromaBroadcast\bin;C:\Program Files\Razer\ChromaBroadcast\bin;C:\Program Files (x86)\AdoptOpenJDK\jre-8.0.282.8-hotspot\bin;C:\Windows\system32;C:\Windows;C:\Windows\System32\Wbem;C:\Windows\System32\WindowsPowerShell\v1.0\;C:\Windows\System32\OpenSSH\;C:\Program Files\Microsoft VS Code\bin;C:\Program Files\Microsoft SQL Server\130\Tools\Binn\;C:\Program Files\Microsoft SQL Server\Client SDK\ODBC\170\Tools\Binn\;C:\Program Files\dotnet\;C:\Users\6487\AppData\Local\Microsoft\WindowsApps;C:\Users\6487\.dotnet\tools;C:\adb;C:\Program Files (x86)\dotnet\;C:\Program Files\PuTTY\;C:\Program Files (x86)\Windows Kits\10\Windows Performance Toolkit\;C:\Program Files\nodejs\;C:\Windows\system32\config\systemprofile\AppData\Local\Microsoft\WindowsApps;C:\Program Files\WinRAR;C:\Program Files\7-Zip;C:\Program Files\CMake\bin;C:\ProgramData\chocolatey\bin;C:\Program Files\gs\gs10.01.2\bin;C:\Program Files\Tesseract-OCR;C:\Program Files\Portugal Identity Card\;C:\Users\6487\AppData\Local\Programs\Python\Python311\Scripts\;C:\Users\6487\AppData\Local\Programs\Python\Python311\;C:\Users\6487\AppData\Local\Programs\Python\Python310\Scripts\;C:\Users\6487\AppData\Local\Programs\Python\Python310\;C:\Program Files\JetBrains\PyCharm Community Edition 2022.2.3\bin;C:\Users\6487\AppData\Roaming\npm;C:\Users\6487\AppData\Local\Programs\Microsoft VS Code\bin
USERNAME=6487
OS=Windows_NT
PROCESSOR_IDENTIFIER=Intel64 Family 6 Model 78 Stepping 3, GenuineIntel
TMP=C:\Users\6487\AppData\Local\Temp
TEMP=C:\Users\6487\AppData\Local\Temp




Periodic native trim disabled

---------------  S Y S T E M  ---------------

OS:
 Windows 10 , 64 bit Build 19041 (10.0.19041.3636)
OS uptime: 7 days 7:44 hours

CPU: total 4 (initial active 4) (2 cores per cpu, 2 threads per core) family 6 model 78 stepping 3 microcode 0xcc, cx8, cmov, fxsr, ht, mmx, 3dnowpref, sse, sse2, sse3, ssse3, sse4.1, sse4.2, popcnt, lzcnt, tsc, tscinvbit, avx, avx2, aes, erms, clmul, bmi1, bmi2, adx, fma, vzeroupper, clflush, clflushopt, rdtscp, f16c
Processor Information for all 4 processors :
  Max Mhz: 2401, Current Mhz: 2401, Mhz Limit: 2401

Memory: 4k page, system-wide physical 16162M (1543M free)
TotalPageFile size 29982M (AvailPageFile size 4M)
current process WorkingSet (physical memory assigned to process): 34M, peak: 34M
current process commit charge ("private bytes"): 325M, peak: 325M

vm_info: Java HotSpot(TM) 64-Bit Server VM (21.0.2+13-LTS-58) for windows-amd64 JRE (21.0.2+13-LTS-58), built on 2024-01-05T18:32:24Z by "mach5one" with MS VC++ 17.1 (VS2022)

END.
